<?xml version="1.0" encoding="UTF-8"?>
<testsuite name="net.thucydides.showcase.cucumber.junit.shopping_cart.AddStuffToTheShoppingCartTest" time="23.097" tests="1" errors="1" skipped="0" failures="0">
  <properties>
[...]
</properties>
  <testcase name="add_a_leather_jacket_to_the_cart" classname="net.thucydides.showcase.cucumber.junit.shopping_cart.AddStuffToTheShoppingCartTest" time="23.097">
    <error message="Could not instantiate new WebDriver instance of type class org.openqa.selenium.chrome.ChromeDriver (Timed out waiting for driver server to start.&#10;Build info: version: &apos;3.13.0&apos;, revision: &apos;2f0d292&apos;, time: &apos;2018-06-25T15:24:21.231Z&apos;&#10;System info: host: &apos;DESKTOP-MS726TJ&apos;, ip: &apos;172.16.0.134&apos;, os.name: &apos;Windows 10&apos;, os.arch: &apos;amd64&apos;, os.version: &apos;10.0&apos;, java.version: &apos;1.8.0_181&apos;&#10;Driver info: driver.version: unknown" type="net.thucydides.core.webdriver.UnsupportedDriverException">net.thucydides.core.webdriver.UnsupportedDriverException: Could not instantiate new WebDriver instance of type class org.openqa.selenium.chrome.ChromeDriver (Timed out waiting for driver server to start.
Build info: version: '3.13.0', revision: '2f0d292', time: '2018-06-25T15:24:21.231Z'
System info: host: 'DESKTOP-MS726TJ', ip: '172.16.0.134', os.name: 'Windows 10', os.arch: 'amd64', os.version: '10.0', java.version: '1.8.0_181'
Driver info: driver.version: unknown
	at net.thucydides.showcase.cucumber.steps.serenity.BuyerSteps.opens_home_page(BuyerSteps.java:23)
	at net.thucydides.showcase.cucumber.junit.shopping_cart.AddStuffToTheShoppingCartTest.add_a_leather_jacket_to_the_cart(AddStuffToTheShoppingCartTest.java:22)
</error>
    <system-err><![CDATA[3514 [main] INFO net.thucydides.core.steps.ConsoleLoggingListener - Test Suite Started: Add stuff to the shopping cart test
5133 [main] INFO net.thucydides.core.steps.ConsoleLoggingListener - 
 _____ _____ ____ _____   ____ _____  _    ____ _____ _____ ____  
|_   _| ____/ ___|_   _| / ___|_   _|/ \  |  _ \_   _| ____|  _ \ 
  | | |  _| \___ \ | |   \___ \ | | / _ \ | |_) || | |  _| | | | |
  | | | |___ ___) || |    ___) || |/ ___ \|  _ < | | | |___| |_| |
  |_| |_____|____/ |_|   |____/ |_/_/   \_\_| \_\|_| |_____|____/ 
                                                                  

TEST STARTED: add_a_leather_jacket_to_the_cart
-------------------------------------------------------------------
5133 [main] INFO net.serenitybdd.core.Serenity - TEST NUMBER: 1
May 21, 2019 6:14:02 PM org.openqa.selenium.remote.DesiredCapabilities chrome
INFO: Using `new ChromeOptions()` is preferred to `DesiredCapabilities.chrome()`
May 21, 2019 6:14:22 PM org.openqa.selenium.os.OsProcess checkForError
SEVERE: org.apache.commons.exec.ExecuteException: Execution failed (Exit value: -559038737. Caused by java.io.IOException: Cannot run program "E:\Git Repo\RepoTesting2\src\test\resources\browser_drivers\chromedriver" (in directory "."): CreateProcess error=193, %1 is not a valid Win32 application)
26291 [main] ERROR net.thucydides.core.webdriver.WebDriverFacade - FAILED TO CREATE NEW WEBDRIVER_DRIVER INSTANCE class org.openqa.selenium.chrome.ChromeDriver: Could not instantiate new WebDriver instance of type class org.openqa.selenium.chrome.ChromeDriver (Timed out waiting for driver server to start.
Build info: version: '3.13.0', revision: '2f0d292', time: '2018-06-25T15:24:21.231Z'
System info: host: 'DESKTOP-MS726TJ', ip: '172.16.0.134', os.name: 'Windows 10', os.arch: 'amd64', os.version: '10.0', java.version: '1.8.0_181'
Driver info: driver.version: unknown
net.thucydides.core.webdriver.UnsupportedDriverException: Could not instantiate new WebDriver instance of type class org.openqa.selenium.chrome.ChromeDriver (Timed out waiting for driver server to start.
Build info: version: '3.13.0', revision: '2f0d292', time: '2018-06-25T15:24:21.231Z'
System info: host: 'DESKTOP-MS726TJ', ip: '172.16.0.134', os.name: 'Windows 10', os.arch: 'amd64', os.version: '10.0', java.version: '1.8.0_181'
Driver info: driver.version: unknown
	at net.thucydides.core.webdriver.WebDriverFactory.newWebdriverInstance(WebDriverFactory.java:137)
	at net.thucydides.core.webdriver.WebDriverFacade.newDriverInstance(WebDriverFacade.java:149)
	at net.thucydides.core.webdriver.WebDriverFacade.newProxyDriver(WebDriverFacade.java:140)
	at net.thucydides.core.webdriver.WebDriverFacade.getProxiedDriver(WebDriverFacade.java:110)
	at net.thucydides.core.webdriver.WebDriverFacade.get(WebDriverFacade.java:181)
	at net.serenitybdd.core.pages.PageObject.openPageAtUrl(PageObject.java:860)
	at net.serenitybdd.core.pages.PageObject.open(PageObject.java:761)
	at net.serenitybdd.core.pages.PageObject.open(PageObject.java:749)
	at net.thucydides.showcase.cucumber.steps.serenity.BuyerSteps.opens_home_page(BuyerSteps.java:23)
	at net.thucydides.showcase.cucumber.steps.serenity.BuyerSteps$$EnhancerByCGLIB$$c00ec73c.CGLIB$opens_home_page$2(<generated>)
	at net.thucydides.showcase.cucumber.steps.serenity.BuyerSteps$$EnhancerByCGLIB$$c00ec73c$$FastClassByCGLIB$$c2703424.invoke(<generated>)
	at net.sf.cglib.proxy.MethodProxy.invokeSuper(MethodProxy.java:228)
	at net.thucydides.core.steps.StepInterceptor.invokeMethod(StepInterceptor.java:449)
	at net.thucydides.core.steps.StepInterceptor.executeTestStepMethod(StepInterceptor.java:434)
	at net.thucydides.core.steps.StepInterceptor.runTestStep(StepInterceptor.java:409)
	at net.thucydides.core.steps.StepInterceptor.runOrSkipMethod(StepInterceptor.java:150)
	at net.thucydides.core.steps.StepInterceptor.testStepResult(StepInterceptor.java:137)
	at net.thucydides.core.steps.StepInterceptor.intercept(StepInterceptor.java:68)
	at net.thucydides.showcase.cucumber.steps.serenity.BuyerSteps$$EnhancerByCGLIB$$c00ec73c.opens_home_page(<generated>)
	at net.thucydides.showcase.cucumber.junit.shopping_cart.AddStuffToTheShoppingCartTest.add_a_leather_jacket_to_the_cart(AddStuffToTheShoppingCartTest.java:22)
	at sun.reflect.NativeMethodAccessorImpl.invoke0(Native Method)
	at sun.reflect.NativeMethodAccessorImpl.invoke(NativeMethodAccessorImpl.java:62)
	at sun.reflect.DelegatingMethodAccessorImpl.invoke(DelegatingMethodAccessorImpl.java:43)
	at java.lang.reflect.Method.invoke(Method.java:498)
	at org.junit.runners.model.FrameworkMethod$1.runReflectiveCall(FrameworkMethod.java:50)
	at org.junit.internal.runners.model.ReflectiveCallable.run(ReflectiveCallable.java:12)
	at org.junit.runners.model.FrameworkMethod.invokeExplosively(FrameworkMethod.java:47)
	at org.junit.internal.runners.statements.InvokeMethod.evaluate(InvokeMethod.java:17)
	at net.serenitybdd.junit.runners.SerenityStatement.evaluate(SerenityStatement.java:33)
	at org.junit.runners.ParentRunner.runLeaf(ParentRunner.java:325)
	at org.junit.runners.BlockJUnit4ClassRunner.runChild(BlockJUnit4ClassRunner.java:78)
	at net.serenitybdd.junit.runners.SerenityRunner.performRunChild(SerenityRunner.java:460)
	at net.serenitybdd.junit.runners.SerenityRunner.runChild(SerenityRunner.java:435)
	at net.serenitybdd.junit.runners.SerenityRunner.runChild(SerenityRunner.java:42)
	at org.junit.runners.ParentRunner$3.run(ParentRunner.java:290)
	at org.junit.runners.ParentRunner$1.schedule(ParentRunner.java:71)
	at org.junit.runners.ParentRunner.runChildren(ParentRunner.java:288)
	at org.junit.runners.ParentRunner.access$000(ParentRunner.java:58)
	at org.junit.runners.ParentRunner$2.evaluate(ParentRunner.java:268)
	at org.junit.runners.ParentRunner.run(ParentRunner.java:363)
	at net.serenitybdd.junit.runners.SerenityRunner.run(SerenityRunner.java:239)
	at org.apache.maven.surefire.junit4.JUnit4Provider.execute(JUnit4Provider.java:283)
	at org.apache.maven.surefire.junit4.JUnit4Provider.executeWithRerun(JUnit4Provider.java:173)
	at org.apache.maven.surefire.junit4.JUnit4Provider.executeTestSet(JUnit4Provider.java:153)
	at org.apache.maven.surefire.junit4.JUnit4Provider.invoke(JUnit4Provider.java:128)
	at org.apache.maven.surefire.booter.ForkedBooter.invokeProviderInSameClassLoader(ForkedBooter.java:203)
	at org.apache.maven.surefire.booter.ForkedBooter.runSuitesInProcess(ForkedBooter.java:155)
	at org.apache.maven.surefire.booter.ForkedBooter.main(ForkedBooter.java:103)
Caused by: org.openqa.selenium.WebDriverException: Timed out waiting for driver server to start.
Build info: version: '3.13.0', revision: '2f0d292', time: '2018-06-25T15:24:21.231Z'
System info: host: 'DESKTOP-MS726TJ', ip: '172.16.0.134', os.name: 'Windows 10', os.arch: 'amd64', os.version: '10.0', java.version: '1.8.0_181'
Driver info: driver.version: unknown
	at org.openqa.selenium.remote.service.DriverService.waitUntilAvailable(DriverService.java:193)
	at org.openqa.selenium.remote.service.DriverService.start(DriverService.java:179)
	at net.serenitybdd.core.webdriver.servicepools.DriverServicePool.start(DriverServicePool.java:62)
	at net.serenitybdd.core.webdriver.servicepools.DriverServicePool.ensureServiceIsRunning(DriverServicePool.java:87)
	at net.serenitybdd.core.webdriver.driverproviders.ChromeDriverProvider.getDriverServicePool(ChromeDriverProvider.java:29)
	at net.serenitybdd.core.webdriver.driverproviders.ChromeDriverProvider.newInstance(ChromeDriverProvider.java:49)
	at net.thucydides.core.webdriver.WebDriverFactory.newWebdriverInstance(WebDriverFactory.java:127)
	... 47 more
Caused by: org.openqa.selenium.net.UrlChecker$TimeoutException: Timed out waiting for [http://localhost:4029/status] to be available after 20003 ms
	at org.openqa.selenium.net.UrlChecker.waitUntilAvailable(UrlChecker.java:100)
	at org.openqa.selenium.remote.service.DriverService.waitUntilAvailable(DriverService.java:188)
	... 53 more
Caused by: java.util.concurrent.TimeoutException
	at java.util.concurrent.FutureTask.get(FutureTask.java:205)
	at com.google.common.util.concurrent.SimpleTimeLimiter.callWithTimeout(SimpleTimeLimiter.java:156)
	at org.openqa.selenium.net.UrlChecker.waitUntilAvailable(UrlChecker.java:75)
	... 54 more
]]></system-err>
  </testcase>
</testsuite>