<?xml version="1.0" encoding="UTF-8"?>
<testsuite name="net.thucydides.showcase.cucumber.junit.shopping_cart.AddStuffToTheShoppingCartTest" time="22.353" tests="1" errors="1" skipped="0" failures="0">
  <properties>
[...]
</properties>
  <testcase name="add_a_leather_jacket_to_the_cart" classname="net.thucydides.showcase.cucumber.junit.shopping_cart.AddStuffToTheShoppingCartTest" time="22.353">
    <error message="Expected enabled element was not enabled&#10;Build info: version: &apos;3.13.0&apos;, revision: &apos;2f0d292&apos;, time: &apos;2018-06-25T15:24:21.231Z&apos;&#10;System info: host: &apos;DESKTOP-MS726TJ&apos;, ip: &apos;127.0.0.1&apos;, os.name: &apos;Windows 10&apos;, os.arch: &apos;amd64&apos;, os.version: &apos;10.0&apos;, java.version: &apos;1.8.0_181&apos;&#10;Driver info: driver.version: unknown" type="net.thucydides.core.webdriver.exceptions.ElementShouldBeEnabledException">net.thucydides.core.webdriver.exceptions.ElementShouldBeEnabledException: Expected enabled element was not enabled
Build info: version: '3.13.0', revision: '2f0d292', time: '2018-06-25T15:24:21.231Z'
System info: host: 'DESKTOP-MS726TJ', ip: '127.0.0.1', os.name: 'Windows 10', os.arch: 'amd64', os.version: '10.0', java.version: '1.8.0_181'
Driver info: driver.version: unknown
	at net.thucydides.showcase.cucumber.pages.HomePage.enterSearchTerms(HomePage.java:25)
	at net.thucydides.showcase.cucumber.steps.serenity.BuyerSteps.searches_by_keyword(BuyerSteps.java:28)
	at net.thucydides.showcase.cucumber.junit.shopping_cart.AddStuffToTheShoppingCartTest.add_a_leather_jacket_to_the_cart(AddStuffToTheShoppingCartTest.java:23)
</error>
    <system-err><![CDATA[3113 [main] INFO net.thucydides.core.steps.ConsoleLoggingListener - Test Suite Started: Add stuff to the shopping cart test
4681 [main] INFO net.thucydides.core.steps.ConsoleLoggingListener - 
 _____ _____ ____ _____   ____ _____  _    ____ _____ _____ ____  
|_   _| ____/ ___|_   _| / ___|_   _|/ \  |  _ \_   _| ____|  _ \ 
  | | |  _| \___ \ | |   \___ \ | | / _ \ | |_) || | |  _| | | | |
  | | | |___ ___) || |    ___) || |/ ___ \|  _ < | | | |___| |_| |
  |_| |_____|____/ |_|   |____/ |_/_/   \_\_| \_\|_| |_____|____/ 
                                                                  

TEST STARTED: add_a_leather_jacket_to_the_cart
-------------------------------------------------------------------
4681 [main] INFO net.serenitybdd.core.Serenity - TEST NUMBER: 1
May 21, 2019 3:23:14 PM org.openqa.selenium.remote.DesiredCapabilities chrome
INFO: Using `new ChromeOptions()` is preferred to `DesiredCapabilities.chrome()`
Starting ChromeDriver 2.46.628402 (536cd7adbad73a3783fdc2cab92ab2ba7ec361e1) on port 35476
Only local connections are allowed.
Please protect ports used by ChromeDriver and related test frameworks to prevent access by malicious code.
May 21, 2019 3:23:24 PM org.openqa.selenium.remote.ProtocolHandshake createSession
INFO: Detected dialect: OSS
]]></system-err>
  </testcase>
</testsuite>