<?xml version="1.0" encoding="UTF-8"?><testsuite errors="0" failures="5" name="Search by keyword" skipped="0" tests="5" time="104.18" timestamp="2019-05-21 03:23:46"><testcase name="Search for articles by keyword"><failure message="Expected enabled element was not enabled&#10;Build info: version: '3.13.0', revision: '2f0d292', time: '2018-06-25T15:24:21.231Z'&#10;System info: host: 'DESKTOP-MS726TJ', ip: '127.0.0.1', os.name: 'Windows 10', os.arch: 'amd64', os.version: '10.0', java.version: '1.8.0_181'&#10;Driver info: driver.version: unknown" type="net.thucydides.core.webdriver.exceptions.ElementShouldBeEnabledException">Expected enabled element was not enabled
Build info: version: '3.13.0', revision: '2f0d292', time: '2018-06-25T15:24:21.231Z'
System info: host: 'DESKTOP-MS726TJ', ip: '127.0.0.1', os.name: 'Windows 10', os.arch: 'amd64', os.version: '10.0', java.version: '1.8.0_181'
Driver info: driver.version: unknown</failure><system-err>Expected enabled element was not enabled
Build info: version: '3.13.0', revision: '2f0d292', time: '2018-06-25T15:24:21.231Z'
System info: host: 'DESKTOP-MS726TJ', ip: '127.0.0.1', os.name: 'Windows 10', os.arch: 'amd64', os.version: '10.0', java.version: '1.8.0_181'
Driver info: driver.version: unknown&#13;
net.thucydides.showcase.cucumber.pages.HomePage.enterSearchTerms(HomePage.java:25)&#13;
net.thucydides.showcase.cucumber.steps.serenity.BuyerSteps.searches_by_keyword(BuyerSteps.java:28)&#13;
net.thucydides.showcase.cucumber.steps.SearchScenarioSteps.searchByKeyword(SearchScenarioSteps.java:23)&#13;
✽.I search for 'wool'(src/test/resources/features/search/search_by_keyword.feature:11)&#13;
</system-err></testcase><testcase name="Search by shop name"><failure message="Expected enabled element was not enabled&#10;Build info: version: '3.13.0', revision: '2f0d292', time: '2018-06-25T15:24:21.231Z'&#10;System info: host: 'DESKTOP-MS726TJ', ip: '127.0.0.1', os.name: 'Windows 10', os.arch: 'amd64', os.version: '10.0', java.version: '1.8.0_181'&#10;Driver info: driver.version: unknown" type="net.thucydides.core.webdriver.exceptions.ElementShouldBeEnabledException">Expected enabled element was not enabled
Build info: version: '3.13.0', revision: '2f0d292', time: '2018-06-25T15:24:21.231Z'
System info: host: 'DESKTOP-MS726TJ', ip: '127.0.0.1', os.name: 'Windows 10', os.arch: 'amd64', os.version: '10.0', java.version: '1.8.0_181'
Driver info: driver.version: unknown</failure><system-err>Expected enabled element was not enabled
Build info: version: '3.13.0', revision: '2f0d292', time: '2018-06-25T15:24:21.231Z'
System info: host: 'DESKTOP-MS726TJ', ip: '127.0.0.1', os.name: 'Windows 10', os.arch: 'amd64', os.version: '10.0', java.version: '1.8.0_181'
Driver info: driver.version: unknown&#13;
net.thucydides.showcase.cucumber.pages.HomePage.enterSearchTerms(HomePage.java:25)&#13;
net.thucydides.showcase.cucumber.pages.HomePage.searchForShopCalled(HomePage.java:47)&#13;
net.thucydides.showcase.cucumber.steps.serenity.BuyerSteps.searches_for_shop_called(BuyerSteps.java:40)&#13;
net.thucydides.showcase.cucumber.steps.SearchScenarioSteps.whenISearchByShopFor(SearchScenarioSteps.java:39)&#13;
✽.I search by shop for 'SwankySips'(src/test/resources/features/search/search_by_keyword.feature:16)&#13;
</system-err></testcase><testcase name="Search for many articles by keyword"><failure message="Expected enabled element was not enabled&#10;Build info: version: '3.13.0', revision: '2f0d292', time: '2018-06-25T15:24:21.231Z'&#10;System info: host: 'DESKTOP-MS726TJ', ip: '127.0.0.1', os.name: 'Windows 10', os.arch: 'amd64', os.version: '10.0', java.version: '1.8.0_181'&#10;Driver info: driver.version: unknown" type="net.thucydides.core.webdriver.exceptions.ElementShouldBeEnabledException">Expected enabled element was not enabled
Build info: version: '3.13.0', revision: '2f0d292', time: '2018-06-25T15:24:21.231Z'
System info: host: 'DESKTOP-MS726TJ', ip: '127.0.0.1', os.name: 'Windows 10', os.arch: 'amd64', os.version: '10.0', java.version: '1.8.0_181'
Driver info: driver.version: unknown</failure><system-err>Expected enabled element was not enabled
Build info: version: '3.13.0', revision: '2f0d292', time: '2018-06-25T15:24:21.231Z'
System info: host: 'DESKTOP-MS726TJ', ip: '127.0.0.1', os.name: 'Windows 10', os.arch: 'amd64', os.version: '10.0', java.version: '1.8.0_181'
Driver info: driver.version: unknown&#13;
net.thucydides.showcase.cucumber.pages.HomePage.enterSearchTerms(HomePage.java:25)&#13;
net.thucydides.showcase.cucumber.steps.serenity.BuyerSteps.searches_by_keyword(BuyerSteps.java:28)&#13;
net.thucydides.showcase.cucumber.steps.SearchScenarioSteps.searchByKeyword(SearchScenarioSteps.java:23)&#13;
✽.I search for 'wool scarf'(src/test/resources/features/search/search_by_keyword.feature:25)&#13;
</system-err></testcase></testsuite>