<?xml version="1.0" encoding="UTF-8"?><testsuite errors="1" failures="0" name="net.thucydides.showcase.cucumber.junit.shopping_cart.AddStuffToTheShoppingCartTest" skipped="0" tests="1" time="23.04" timestamp="2019-05-21 06:13:59"><testcase classname="net.thucydides.showcase.cucumber.junit.shopping_cart.AddStuffToTheShoppingCartTest" name="Add a leather jacket to the cart"><error message="Could not instantiate class org.openqa.selenium.chrome.ChromeDriver" type="net.thucydides.core.webdriver.UnsupportedDriverException">Could not instantiate class org.openqa.selenium.chrome.ChromeDriver</error><system-err>Could not instantiate class org.openqa.selenium.chrome.ChromeDriver&#13;
net.thucydides.showcase.cucumber.steps.serenity.BuyerSteps.opens_home_page(BuyerSteps.java:23)&#13;
net.thucydides.showcase.cucumber.junit.shopping_cart.AddStuffToTheShoppingCartTest.add_a_leather_jacket_to_the_cart(AddStuffToTheShoppingCartTest.java:22)&#13;
</system-err></testcase></testsuite>