<?xml version="1.0" encoding="UTF-8"?><testsuite errors="0" failures="1" name="net.thucydides.showcase.cucumber.junit.shopping_cart.AddStuffToTheShoppingCartTest" skipped="0" tests="1" time="52.73" timestamp="2019-05-22 04:05:51"><testcase classname="net.thucydides.showcase.cucumber.junit.shopping_cart.AddStuffToTheShoppingCartTest" name="Add a leather jacket to the cart"><failure message="Expected enabled element was not enabled" type="net.thucydides.core.webdriver.exceptions.ElementShouldBeEnabledException">Expected enabled element was not enabled</failure><system-err>Expected enabled element was not enabled&#13;
net.thucydides.showcase.cucumber.pages.HomePage.enterSearchTerms(HomePage.java:25)&#13;
net.thucydides.showcase.cucumber.steps.serenity.BuyerSteps.searches_by_keyword(BuyerSteps.java:28)&#13;
net.thucydides.showcase.cucumber.junit.shopping_cart.AddStuffToTheShoppingCartTest.add_a_leather_jacket_to_the_cart(AddStuffToTheShoppingCartTest.java:23)&#13;
</system-err></testcase></testsuite>