<?xml version="1.0" encoding="UTF-8"?><testsuite errors="2" failures="0" name="Display product details" skipped="0" tests="2" time="101.45" timestamp="2019-05-14 11:20:16"><testcase name="Display product details from the search list"><error message="Could not instantiate new WebDriver instance of type class org.openqa.selenium.firefox.FirefoxDriver (Timed out waiting 45 seconds for Firefox to start.&#10;Build info: version: '3.13.0', revision: '2f0d292', time: '2018-06-25T15:24:21.231Z'&#10;System info: host: 'DESKTOP-MS726TJ', ip: '172.16.0.134', os.name: 'Windows 10', os.arch: 'amd64', os.version: '10.0', java.version: '1.8.0_181'&#10;Driver info: driver.version: FirefoxDriver" type="net.thucydides.core.webdriver.UnsupportedDriverException">Could not instantiate new WebDriver instance of type class org.openqa.selenium.firefox.FirefoxDriver (Timed out waiting 45 seconds for Firefox to start.
Build info: version: '3.13.0', revision: '2f0d292', time: '2018-06-25T15:24:21.231Z'
System info: host: 'DESKTOP-MS726TJ', ip: '172.16.0.134', os.name: 'Windows 10', os.arch: 'amd64', os.version: '10.0', java.version: '1.8.0_181'
Driver info: driver.version: FirefoxDriver</error><system-err>Could not instantiate new WebDriver instance of type class org.openqa.selenium.firefox.FirefoxDriver (Timed out waiting 45 seconds for Firefox to start.
Build info: version: '3.13.0', revision: '2f0d292', time: '2018-06-25T15:24:21.231Z'
System info: host: 'DESKTOP-MS726TJ', ip: '172.16.0.134', os.name: 'Windows 10', os.arch: 'amd64', os.version: '10.0', java.version: '1.8.0_181'
Driver info: driver.version: FirefoxDriver&#13;
net.thucydides.showcase.cucumber.steps.DisplayProductDetailsScenarioSteps.givenIHaveSearchedFor(DisplayProductDetailsScenarioSteps.java:24)&#13;
cucumber.runner.Runner.runPickle(Runner.java:80)&#13;
</system-err></testcase><testcase name="Display social media links for a product"><error message="Could not instantiate new WebDriver instance of type class org.openqa.selenium.firefox.FirefoxDriver (Timed out waiting 45 seconds for Firefox to start.&#10;Build info: version: '3.13.0', revision: '2f0d292', time: '2018-06-25T15:24:21.231Z'&#10;System info: host: 'DESKTOP-MS726TJ', ip: '172.16.0.134', os.name: 'Windows 10', os.arch: 'amd64', os.version: '10.0', java.version: '1.8.0_181'&#10;Driver info: driver.version: FirefoxDriver" type="net.thucydides.core.webdriver.UnsupportedDriverException">Could not instantiate new WebDriver instance of type class org.openqa.selenium.firefox.FirefoxDriver (Timed out waiting 45 seconds for Firefox to start.
Build info: version: '3.13.0', revision: '2f0d292', time: '2018-06-25T15:24:21.231Z'
System info: host: 'DESKTOP-MS726TJ', ip: '172.16.0.134', os.name: 'Windows 10', os.arch: 'amd64', os.version: '10.0', java.version: '1.8.0_181'
Driver info: driver.version: FirefoxDriver</error><system-err>Could not instantiate new WebDriver instance of type class org.openqa.selenium.firefox.FirefoxDriver (Timed out waiting 45 seconds for Firefox to start.
Build info: version: '3.13.0', revision: '2f0d292', time: '2018-06-25T15:24:21.231Z'
System info: host: 'DESKTOP-MS726TJ', ip: '172.16.0.134', os.name: 'Windows 10', os.arch: 'amd64', os.version: '10.0', java.version: '1.8.0_181'
Driver info: driver.version: FirefoxDriver&#13;
net.thucydides.showcase.cucumber.steps.DisplayProductDetailsScenarioSteps.givenIHaveSearchedFor(DisplayProductDetailsScenarioSteps.java:24)&#13;
cucumber.runner.Runner.runPickle(Runner.java:80)&#13;
</system-err></testcase></testsuite>